<?xml version="1.0" encoding="UTF-8"?>
<testng-results ignored="0" total="5" passed="3" failed="2" skipped="0">
  <reporter-output>
  </reporter-output>
  <suite started-at="2023-02-09T17:17:44 IST" name="All Test Suite" finished-at="2023-02-09T17:17:47 IST" duration-ms="3419">
    <groups>
    </groups>
    <test started-at="2023-02-09T17:17:44 IST" name="C:/Users/91953/Desktop/testproj/ApiAutomationFrameWork" finished-at="2023-02-09T17:17:47 IST" duration-ms="3419">
      <class name="com.tests.PostTest">
        <test-method signature="postTestUsingExternalFiles_singletonCheck(java.lang.reflect.Method)[pri:0, instance:com.tests.PostTest@3bf9ce3e]" started-at="2023-02-09T17:17:44 IST" name="postTestUsingExternalFiles_singletonCheck" finished-at="2023-02-09T17:17:47 IST" duration-ms="3320" status="FAIL">
          <params>
            <param index="0">
              <value>
                <![CDATA[public void com.tests.PostTest.postTestUsingExternalFiles_singletonCheck(java.lang.reflect.Method)]]>
              </value>
            </param>
          </params>
          <exception class="java.lang.AssertionError">
            <message>
              <![CDATA[
expected: "chapati12"
 but was: "chapati"]]>
            </message>
            <full-stacktrace>
              <![CDATA[java.lang.AssertionError: 
expected: "chapati12"
 but was: "chapati"
at com.tests.PostTest.postTestUsingExternalFiles_singletonCheck(PostTest.java:82)
at java.base/jdk.internal.reflect.NativeMethodAccessorImpl.invoke0(Native Method)
at java.base/jdk.internal.reflect.NativeMethodAccessorImpl.invoke(NativeMethodAccessorImpl.java:62)
at java.base/jdk.internal.reflect.DelegatingMethodAccessorImpl.invoke(DelegatingMethodAccessorImpl.java:43)
at java.base/java.lang.reflect.Method.invoke(Method.java:566)
at org.testng.internal.invokers.MethodInvocationHelper.invokeMethod(MethodInvocationHelper.java:135)
at org.testng.internal.invokers.TestInvoker.invokeMethod(TestInvoker.java:673)
at org.testng.internal.invokers.TestInvoker.invokeTestMethod(TestInvoker.java:220)
at org.testng.internal.invokers.MethodRunner.runInSequence(MethodRunner.java:50)
at org.testng.internal.invokers.TestInvoker$MethodInvocationAgent.invoke(TestInvoker.java:945)
at org.testng.internal.invokers.TestInvoker.invokeTestMethods(TestInvoker.java:193)
at org.testng.internal.invokers.TestMethodWorker.invokeTestMethods(TestMethodWorker.java:146)
at org.testng.internal.invokers.TestMethodWorker.run(TestMethodWorker.java:128)
at java.base/java.util.concurrent.ThreadPoolExecutor.runWorker(ThreadPoolExecutor.java:1128)
at java.base/java.util.concurrent.ThreadPoolExecutor$Worker.run(ThreadPoolExecutor.java:628)
at java.base/java.lang.Thread.run(Thread.java:834)
]]>
            </full-stacktrace>
          </exception> <!-- java.lang.AssertionError -->
          <reporter-output>
          </reporter-output>
        </test-method> <!-- postTestUsingExternalFiles_singletonCheck -->
        <test-method signature="postTestUsingExternalFiles(java.lang.reflect.Method)[pri:0, instance:com.tests.PostTest@3bf9ce3e]" started-at="2023-02-09T17:17:44 IST" name="postTestUsingExternalFiles" finished-at="2023-02-09T17:17:47 IST" duration-ms="3299" status="PASS">
          <params>
            <param index="0">
              <value>
                <![CDATA[public void com.tests.PostTest.postTestUsingExternalFiles(java.lang.reflect.Method)]]>
              </value>
            </param>
          </params>
          <reporter-output>
          </reporter-output>
        </test-method> <!-- postTestUsingExternalFiles -->
        <test-method signature="postDetails()[pri:0, instance:com.tests.PostTest@3bf9ce3e]" started-at="2023-02-09T17:17:44 IST" name="postDetails" finished-at="2023-02-09T17:17:47 IST" duration-ms="2528" status="PASS">
          <reporter-output>
          </reporter-output>
        </test-method> <!-- postDetails -->
      </class> <!-- com.tests.PostTest -->
      <class name="com.tests.ApiTest">
        <test-method signature="getDetails()[pri:0, instance:com.tests.ApiTest@32b260fa]" started-at="2023-02-09T17:17:44 IST" name="getDetails" finished-at="2023-02-09T17:17:46 IST" duration-ms="2393" status="FAIL">
          <exception class="java.lang.AssertionError">
            <message>
              <![CDATA[
expected: 201
 but was: 200]]>
            </message>
            <full-stacktrace>
              <![CDATA[java.lang.AssertionError: 
expected: 201
 but was: 200
at com.tests.ApiTest.getDetails(ApiTest.java:25)
at java.base/jdk.internal.reflect.NativeMethodAccessorImpl.invoke0(Native Method)
at java.base/jdk.internal.reflect.NativeMethodAccessorImpl.invoke(NativeMethodAccessorImpl.java:62)
at java.base/jdk.internal.reflect.DelegatingMethodAccessorImpl.invoke(DelegatingMethodAccessorImpl.java:43)
at java.base/java.lang.reflect.Method.invoke(Method.java:566)
at org.testng.internal.invokers.MethodInvocationHelper.invokeMethod(MethodInvocationHelper.java:135)
at org.testng.internal.invokers.TestInvoker.invokeMethod(TestInvoker.java:673)
at org.testng.internal.invokers.TestInvoker.invokeTestMethod(TestInvoker.java:220)
at org.testng.internal.invokers.MethodRunner.runInSequence(MethodRunner.java:50)
at org.testng.internal.invokers.TestInvoker$MethodInvocationAgent.invoke(TestInvoker.java:945)
at org.testng.internal.invokers.TestInvoker.invokeTestMethods(TestInvoker.java:193)
at org.testng.internal.invokers.TestMethodWorker.invokeTestMethods(TestMethodWorker.java:146)
at org.testng.internal.invokers.TestMethodWorker.run(TestMethodWorker.java:128)
at java.base/java.util.concurrent.ThreadPoolExecutor.runWorker(ThreadPoolExecutor.java:1128)
at java.base/java.util.concurrent.ThreadPoolExecutor$Worker.run(ThreadPoolExecutor.java:628)
at java.base/java.lang.Thread.run(Thread.java:834)
]]>
            </full-stacktrace>
          </exception> <!-- java.lang.AssertionError -->
          <reporter-output>
          </reporter-output>
        </test-method> <!-- getDetails -->
        <test-method signature="getDetailOfSingleEmployee()[pri:0, instance:com.tests.ApiTest@32b260fa]" started-at="2023-02-09T17:17:44 IST" name="getDetailOfSingleEmployee" finished-at="2023-02-09T17:17:46 IST" duration-ms="2385" status="PASS">
          <reporter-output>
          </reporter-output>
        </test-method> <!-- getDetailOfSingleEmployee -->
      </class> <!-- com.tests.ApiTest -->
    </test> <!-- C:/Users/91953/Desktop/testproj/ApiAutomationFrameWork -->
  </suite> <!-- All Test Suite -->
</testng-results>
