<?xml version="1.0" encoding="UTF-8"?>
<!-- Generated by org.testng.reporters.JUnitReportReporter -->
<testsuite hostname="LAPTOP-0IA56L33" failures="1" tests="3" name="com.tests.PostTest" time="9.147" errors="0" timestamp="2023-02-09T17:17:48 IST" skipped="0">
  <testcase classname="com.tests.PostTest" name="postTestUsingExternalFiles_singletonCheck" time="3.320">
    <failure message="
expected: &quot;chapati12&quot;
 but was: &quot;chapati&quot;" type="java.lang.AssertionError">
      <![CDATA[java.lang.AssertionError: 
expected: "chapati12"
 but was: "chapati"
at com.tests.PostTest.postTestUsingExternalFiles_singletonCheck(PostTest.java:82)
at java.base/jdk.internal.reflect.NativeMethodAccessorImpl.invoke0(Native Method)
at java.base/jdk.internal.reflect.NativeMethodAccessorImpl.invoke(NativeMethodAccessorImpl.java:62)
at java.base/jdk.internal.reflect.DelegatingMethodAccessorImpl.invoke(DelegatingMethodAccessorImpl.java:43)
at java.base/java.lang.reflect.Method.invoke(Method.java:566)
at org.testng.internal.invokers.MethodInvocationHelper.invokeMethod(MethodInvocationHelper.java:135)
at org.testng.internal.invokers.TestInvoker.invokeMethod(TestInvoker.java:673)
at org.testng.internal.invokers.TestInvoker.invokeTestMethod(TestInvoker.java:220)
at org.testng.internal.invokers.MethodRunner.runInSequence(MethodRunner.java:50)
at org.testng.internal.invokers.TestInvoker$MethodInvocationAgent.invoke(TestInvoker.java:945)
at org.testng.internal.invokers.TestInvoker.invokeTestMethods(TestInvoker.java:193)
at org.testng.internal.invokers.TestMethodWorker.invokeTestMethods(TestMethodWorker.java:146)
at org.testng.internal.invokers.TestMethodWorker.run(TestMethodWorker.java:128)
at java.base/java.util.concurrent.ThreadPoolExecutor.runWorker(ThreadPoolExecutor.java:1128)
at java.base/java.util.concurrent.ThreadPoolExecutor$Worker.run(ThreadPoolExecutor.java:628)
at java.base/java.lang.Thread.run(Thread.java:834)
]]>
    </failure>
  </testcase> <!-- postTestUsingExternalFiles_singletonCheck -->
  <system-out/>
  <testcase classname="com.tests.PostTest" name="postTestUsingExternalFiles" time="3.299"/>
  <system-out/>
  <testcase classname="com.tests.PostTest" name="postDetails" time="2.528"/>
  <system-out/>
</testsuite> <!-- com.tests.PostTest -->
